# QEMU configure log Mon Sep 23 08:16:43 PM KST 2024
# Configured with: '../configure' '--enable-kvm' '--target-list=x86_64-softmmu' '--enable-slirp'

#
cc -c -o config-temp/qemu-conf.o config-temp/qemu-conf.c
cc -c -o config-temp/qemu-conf.o config-temp/qemu-conf.c
config-temp/qemu-conf.c:2:2: error: #error __i386__ not defined
    2 | #error __i386__ not defined
      |  ^~~~~
cc -c -o config-temp/qemu-conf.o config-temp/qemu-conf.c
cc -c -o config-temp/qemu-conf.o config-temp/qemu-conf.c
config-temp/qemu-conf.c:2:2: error: #error __ILP32__ not defined
    2 | #error __ILP32__ not defined
      |  ^~~~~
cc -m64 -mcx16 -c -o config-temp/qemu-conf.o config-temp/qemu-conf.c
cc -m64 -mcx16 -Werror -fPIE -DPIE -o config-temp/qemu-conf.exe config-temp/qemu-conf.c -pie
cc -m64 -mcx16 -o config-temp/qemu-conf.exe config-temp/qemu-conf.c
config-temp/qemu-conf.c:2:3: error: #error LITTLE
    2 | # error LITTLE
      |   ^~~~~
cc -m32 -o config-temp/qemu-conf.o -c config-temp/qemu-conf.c
cc -m32 -r -nostdlib -o config-temp/qemu-conf2.o config-temp/qemu-conf.o -lgcc
/usr/bin/ld: skipping incompatible /usr/lib/gcc/x86_64-linux-gnu/13/libgcc.a when searching for -lgcc
/usr/bin/ld: cannot find -lgcc: 그런 파일이나 디렉터리가 없습니다
collect2: error: ld returned 1 exit status
cc -m64 -o config-temp/qemu-conf.o -c config-temp/qemu-conf.c
cc -m64 -r -nostdlib -o config-temp/qemu-conf2.o config-temp/qemu-conf.o -lgcc
